USER=p0_debug_1779710128872
OK user.addOrUpdate code=200
UID=10
OK user.setCurUser code=200
OK user.getCurUser code=200
OK seed.shop.page code=200
SEED=1
OK seed.shop.buy code=200
OK gameplay.myFarmOverview code=200
PLOT=58
OK gameplay.plot.unlock code=200
OK seed.soil.options code=200
OK gameplay.plot.expand code=200
OK gameplay.myPlantingPanel code=200
OK gameplay.seedPlantablePlots code=200
OK gameplay.plant code=200
OK gameplay.care code=200
OK gameplay.myFarmOverview.loop.0 code=200
OK gameplay.myFarmOverview.loop.1 code=200
OK gameplay.myFarmOverview.loop.2 code=200
OK gameplay.myFarmOverview.loop.3 code=200
OK gameplay.myFarmOverview.loop.4 code=200
OK gameplay.myFarmOverview.loop.5 code=200
OK gameplay.myFarmOverview.loop.6 code=200
OK gameplay.myFarmOverview.loop.7 code=200
OK gameplay.myFarmOverview.loop.8 code=200
OK gameplay.myFarmOverview.loop.9 code=200
OK gameplay.myFarmOverview.loop.10 code=200
OK gameplay.myFarmOverview.loop.11 code=200
OK gameplay.myFarmOverview.loop.12 code=200
OK gameplay.myFarmOverview.loop.13 code=200
OK gameplay.myFarmOverview.loop.14 code=200
OK gameplay.myFarmOverview.loop.15 code=200
OK gameplay.myFarmOverview.loop.16 code=200
OK gameplay.myFarmOverview.loop.17 code=200
OK gameplay.myFarmOverview.loop.18 code=200
OK gameplay.myFarmOverview.loop.19 code=200
OK gameplay.myFarmOverview.loop.20 code=200
OK gameplay.myFarmOverview.loop.21 code=200
OK gameplay.myFarmOverview.loop.22 code=200
OK gameplay.myFarmOverview.loop.23 code=200
OK gameplay.myFarmOverview.loop.24 code=200
OK gameplay.myFarmOverview.loop.25 code=200
OK gameplay.myFarmOverview.loop.26 code=200
OK gameplay.myFarmOverview.loop.27 code=200
OK gameplay.myFarmOverview.loop.28 code=200
OK gameplay.myFarmOverview.loop.29 code=200
OK gameplay.myFarmOverview.loop.30 code=200
OK gameplay.myFarmOverview.loop.31 code=200
OK gameplay.myFarmOverview.loop.32 code=200
OK gameplay.myFarmOverview.loop.33 code=200
OK gameplay.myFarmOverview.loop.34 code=200
OK gameplay.myFarmOverview.loop.35 code=200
OK gameplay.myFarmOverview.loop.36 code=200
OK gameplay.myFarmOverview.loop.37 code=200
OK gameplay.myFarmOverview.loop.38 code=200
OK gameplay.myFarmOverview.loop.39 code=200
OK gameplay.myFarmOverview.loop.40 code=200
OK gameplay.myFarmOverview.loop.41 code=200
OK gameplay.myFarmOverview.loop.42 code=200
OK gameplay.myFarmOverview.loop.43 code=200
OK gameplay.myFarmOverview.loop.44 code=200
OK gameplay.myFarmOverview.loop.45 code=200
OK gameplay.myFarmOverview.loop.46 code=200
OK gameplay.myFarmOverview.loop.47 code=200
OK gameplay.myFarmOverview.loop.48 code=200
OK gameplay.myFarmOverview.loop.49 code=200
OK gameplay.myFarmOverview.loop.50 code=200
OK gameplay.myFarmOverview.loop.51 code=200
OK gameplay.myFarmOverview.loop.52 code=200
OK gameplay.myFarmOverview.loop.53 code=200
OK gameplay.myFarmOverview.loop.54 code=200
OK gameplay.myFarmOverview.loop.55 code=200
OK gameplay.myFarmOverview.loop.56 code=200
OK gameplay.myFarmOverview.loop.57 code=200
OK gameplay.myFarmOverview.loop.58 code=200
OK gameplay.myFarmOverview.loop.59 code=200
OK gameplay.myFarmOverview.loop.60 code=200
OK gameplay.myFarmOverview.loop.61 code=200
OK gameplay.myFarmOverview.loop.62 code=200
OK gameplay.myFarmOverview.loop.63 code=200
OK gameplay.myFarmOverview.loop.64 code=200
OK gameplay.myFarmOverview.loop.65 code=200
OK gameplay.myFarmOverview.loop.66 code=200
OK gameplay.myFarmOverview.loop.67 code=200
OK gameplay.myFarmOverview.loop.68 code=200
OK gameplay.myFarmOverview.loop.69 code=200
OK gameplay.myFarmOverview.loop.70 code=200
OK gameplay.myFarmOverview.loop.71 code=200
OK gameplay.myFarmOverview.loop.72 code=200
OK gameplay.myFarmOverview.loop.73 code=200
OK gameplay.myFarmOverview.loop.74 code=200
OK gameplay.myFarmOverview.loop.75 code=200
OK gameplay.myFarmOverview.loop.76 code=200
OK gameplay.myFarmOverview.loop.77 code=200
OK gameplay.myFarmOverview.loop.78 code=200
OK gameplay.myFarmOverview.loop.79 code=200
OK gameplay.myFarmOverview.loop.80 code=200
OK gameplay.myFarmOverview.loop.81 code=200
OK gameplay.myFarmOverview.loop.82 code=200
OK gameplay.myFarmOverview.loop.83 code=200
OK gameplay.myFarmOverview.loop.84 code=200
OK gameplay.myFarmOverview.loop.85 code=200
OK gameplay.myFarmOverview.loop.86 code=200
OK gameplay.myFarmOverview.loop.87 code=200
OK gameplay.myFarmOverview.loop.88 code=200
OK gameplay.myFarmOverview.loop.89 code=200
OK gameplay.myFarmOverview.loop.90 code=200
OK gameplay.myFarmOverview.loop.91 code=200
OK gameplay.myFarmOverview.loop.92 code=200
OK gameplay.myFarmOverview.loop.93 code=200
OK gameplay.myFarmOverview.loop.94 code=200
OK gameplay.myFarmOverview.loop.95 code=200
OK gameplay.myFarmOverview.loop.96 code=200
OK gameplay.myFarmOverview.loop.97 code=200
OK gameplay.myFarmOverview.loop.98 code=200
OK gameplay.myFarmOverview.loop.99 code=200
OK gameplay.myFarmOverview.loop.100 code=200
OK gameplay.myFarmOverview.loop.101 code=200
OK gameplay.myFarmOverview.loop.102 code=200
OK gameplay.myFarmOverview.loop.103 code=200
OK gameplay.myFarmOverview.loop.104 code=200
OK gameplay.myFarmOverview.loop.105 code=200
OK gameplay.myFarmOverview.loop.106 code=200
OK gameplay.myFarmOverview.loop.107 code=200
OK gameplay.myFarmOverview.loop.108 code=200
OK gameplay.myFarmOverview.loop.109 code=200
OK gameplay.myFarmOverview.loop.110 code=200
READY_AT=110
FAIL gameplay.harvest
{"timestamp":"2026-05-25T11:57:54.785+00:00","status":500,"error":"Internal Server Error","trace":"cn.jxufe.farm.common.exception.ServiceException: ąűĘµżâ´ć˛»´ćÔÚ\r\n\tat cn.jxufe.farm.service.imp.CropLifecycleServiceImp.harvest(CropLifecycleServiceImp.java:270)\r\n\tat java.base/jdk.internal.reflect.DirectMethodHandleAccessor.invoke(DirectMethodHandleAccessor.java:103)\r\n\tat java.base/java.lang.reflect.Method.invoke(Method.java:580)\r\n\tat org.springframework.aop.support.AopUtils.invokeJoinpointUsingReflection(AopUtils.java:359)\r\n\tat org.springframework.aop.framework.ReflectiveMethodInvocation.invokeJoinpoint(ReflectiveMethodInvocation.java:196)\r\n\tat org.springframework.aop.framework.ReflectiveMethodInvocation.proceed(ReflectiveMethodInvocation.java:163)\r\n\tat org.springframework.transaction.interceptor.TransactionAspectSupport.invokeWithinTransaction(TransactionAspectSupport.java:380)\r\n\tat org.springframework.transaction.interceptor.TransactionInterceptor.invoke(TransactionInterceptor.java:119)\r\n\tat org.springframework.aop.framework.ReflectiveMethodInvocation.proceed(ReflectiveMethodInvocation.java:184)\r\n\tat org.springframework.aop.framework.CglibAopProxy$DynamicAdvi
EX=Ô¶łĚ·ţÎńĆ÷·µ»Ř´íÎó: (500) ÄÚ˛ż·ţÎńĆ÷´íÎóˇŁ
