[INFO] Scanning for projects...
[INFO] 
[INFO] -------------------------< cn.jxufe:practice >--------------------------
[INFO] Building practice 0.0.1-SNAPSHOT
[INFO]   from pom.xml
[INFO] --------------------------------[ jar ]---------------------------------
[INFO] 
[INFO] >>> spring-boot:3.4.2:run (default-cli) > test-compile @ practice >>>
[INFO] 
[INFO] --- resources:3.3.1:resources (default-resources) @ practice ---
[INFO] Copying 1 resource from src\main\resources to target\classes
[INFO] Copying 785 resources from src\main\resources to target\classes
[INFO] 
[INFO] --- compiler:3.13.0:compile (default-compile) @ practice ---
[INFO] Recompiling the module because of changed source code.
[INFO] Compiling 168 source files with javac [debug parameters release 21] to target\classes
[INFO] /C:/Project/farm/src/main/java/cn/jxufe/farm/service/imp/UserServiceImp.java: C:\Project\farm\src\main\java\cn\jxufe\farm\service\imp\UserServiceImp.javaĘąÓĂ»ň¸˛¸ÇÁËŇŃąýĘ±µÄ APIˇŁ
[INFO] /C:/Project/farm/src/main/java/cn/jxufe/farm/service/imp/UserServiceImp.java: ÓĐąŘĎęĎ¸ĐĹĎ˘, ÇëĘąÓĂ -Xlint:deprecation ÖŘĐÂ±ŕŇëˇŁ
[INFO] 
[INFO] --- resources:3.3.1:testResources (default-testResources) @ practice ---
[INFO] skip non existing resourceDirectory C:\Project\farm\src\test\resources
[INFO] 
[INFO] --- compiler:3.13.0:testCompile (default-testCompile) @ practice ---
[INFO] Recompiling the module because of changed dependency.
[INFO] Compiling 1 source file with javac [debug parameters release 21] to target\test-classes
[INFO] 
[INFO] <<< spring-boot:3.4.2:run (default-cli) < test-compile @ practice <<<
[INFO] 
[INFO] 
[INFO] --- spring-boot:3.4.2:run (default-cli) @ practice ---
[INFO] Attaching agents: []

  .   ____          _            __ _ _
 /\\ / ___'_ __ _ _(_)_ __  __ _ \ \ \ \
( ( )\___ | '_ | '_| | '_ \/ _` | \ \ \ \
 \\/  ___)| |_)| | | | | || (_| |  ) ) ) )
  '  |____| .__|_| |_|_| |_\__, | / / / /
 =========|_|==============|___/=/_/_/_/

 :: Spring Boot ::                (v3.4.2)

2026-05-30T12:08:35.324+08:00  INFO 15664 --- [farm] [  restartedMain] cn.jxufe.farm.FarmApplication            : Starting FarmApplication using Java 21.0.9 with PID 15664 (C:\Project\farm\target\classes started by TimeLeafing in C:\Project\farm)
2026-05-30T12:08:35.327+08:00  INFO 15664 --- [farm] [  restartedMain] cn.jxufe.farm.FarmApplication            : No active profile set, falling back to 1 default profile: "default"
2026-05-30T12:08:35.358+08:00  INFO 15664 --- [farm] [  restartedMain] .e.DevToolsPropertyDefaultsPostProcessor : Devtools property defaults active! Set 'spring.devtools.add-properties' to 'false' to disable
2026-05-30T12:08:35.358+08:00  INFO 15664 --- [farm] [  restartedMain] .e.DevToolsPropertyDefaultsPostProcessor : For additional web related logging consider setting the 'logging.level.web' property to 'DEBUG'
2026-05-30T12:08:35.995+08:00  INFO 15664 --- [farm] [  restartedMain] .s.d.r.c.RepositoryConfigurationDelegate : Bootstrapping Spring Data JPA repositories in DEFAULT mode.
2026-05-30T12:08:36.057+08:00  INFO 15664 --- [farm] [  restartedMain] .s.d.r.c.RepositoryConfigurationDelegate : Finished Spring Data repository scanning in 57 ms. Found 17 JPA repository interfaces.
2026-05-30T12:08:36.554+08:00  INFO 15664 --- [farm] [  restartedMain] o.s.b.w.embedded.tomcat.TomcatWebServer  : Tomcat initialized with port 8080 (http)
2026-05-30T12:08:36.566+08:00  INFO 15664 --- [farm] [  restartedMain] o.apache.catalina.core.StandardService   : Starting service [Tomcat]
2026-05-30T12:08:36.566+08:00  INFO 15664 --- [farm] [  restartedMain] o.apache.catalina.core.StandardEngine    : Starting Servlet engine: [Apache Tomcat/10.1.34]
2026-05-30T12:08:36.598+08:00  INFO 15664 --- [farm] [  restartedMain] o.a.c.c.C.[Tomcat].[localhost].[/]       : Initializing Spring embedded WebApplicationContext
2026-05-30T12:08:36.598+08:00  INFO 15664 --- [farm] [  restartedMain] w.s.c.ServletWebServerApplicationContext : Root WebApplicationContext: initialization completed in 1240 ms
2026-05-30T12:08:36.846+08:00  INFO 15664 --- [farm] [  restartedMain] com.alibaba.druid.pool.DruidDataSource   : {dataSource-1} inited
2026-05-30T12:08:38.247+08:00  INFO 15664 --- [farm] [  restartedMain] o.hibernate.jpa.internal.util.LogHelper  : HHH000204: Processing PersistenceUnitInfo [name: default]
2026-05-30T12:08:38.295+08:00  INFO 15664 --- [farm] [  restartedMain] org.hibernate.Version                    : HHH000412: Hibernate ORM core version 6.4.4.Final
2026-05-30T12:08:38.315+08:00  INFO 15664 --- [farm] [  restartedMain] o.h.c.internal.RegionFactoryInitiator    : HHH000026: Second-level cache disabled
2026-05-30T12:08:38.430+08:00  INFO 15664 --- [farm] [  restartedMain] o.s.o.j.p.SpringPersistenceUnitInfo      : No LoadTimeWeaver setup: ignoring JPA class transformer
2026-05-30T12:08:39.347+08:00  INFO 15664 --- [farm] [  restartedMain] o.h.e.t.j.p.i.JtaPlatformInitiator       : HHH000489: No JTA platform available (set 'hibernate.transaction.jta.platform' to enable JTA platform integration)
2026-05-30T12:08:39.349+08:00  INFO 15664 --- [farm] [  restartedMain] j.LocalContainerEntityManagerFactoryBean : Initialized JPA EntityManagerFactory for persistence unit 'default'
2026-05-30T12:08:39.521+08:00  INFO 15664 --- [farm] [  restartedMain] o.s.d.j.r.query.QueryEnhancerFactory     : Hibernate is in classpath; If applicable, HQL parser will be used.
2026-05-30T12:08:40.586+08:00  WARN 15664 --- [farm] [  restartedMain] ion$DefaultTemplateResolverConfiguration : Cannot find template location: classpath:/templates/ (please add some templates, check your Thymeleaf configuration, or set spring.thymeleaf.check-template-location=false)
2026-05-30T12:08:40.973+08:00  INFO 15664 --- [farm] [  restartedMain] o.s.b.d.a.OptionalLiveReloadServer       : LiveReload server is running on port 35729
2026-05-30T12:08:40.981+08:00  INFO 15664 --- [farm] [  restartedMain] o.s.b.a.e.web.EndpointLinksResolver      : Exposing 1 endpoint beneath base path '/actuator'
2026-05-30T12:08:41.029+08:00  INFO 15664 --- [farm] [  restartedMain] o.s.b.w.embedded.tomcat.TomcatWebServer  : Tomcat started on port 8080 (http) with context path '/'
2026-05-30T12:08:41.039+08:00  INFO 15664 --- [farm] [  restartedMain] cn.jxufe.farm.FarmApplication            : Started FarmApplication in 6.052 seconds (process running for 6.351)
2026-05-30T12:08:41.074+08:00  INFO 15664 --- [farm] [nio-8080-exec-1] o.a.c.c.C.[Tomcat].[localhost].[/]       : Initializing Spring DispatcherServlet 'dispatcherServlet'
2026-05-30T12:08:41.075+08:00  INFO 15664 --- [farm] [nio-8080-exec-1] o.s.web.servlet.DispatcherServlet        : Initializing Servlet 'dispatcherServlet'
2026-05-30T12:08:41.076+08:00  INFO 15664 --- [farm] [nio-8080-exec-1] o.s.web.servlet.DispatcherServlet        : Completed initialization in 0 ms
2026-05-30T12:11:33.527+08:00  WARN 15664 --- [farm] [nio-8080-exec-2] .w.s.m.s.DefaultHandlerExceptionResolver : Resolved [org.springframework.http.converter.HttpMessageNotReadableException: JSON parse error: Unexpected character ('p' (code 112)): was expecting double-quote to start field name]
2026-05-30T12:12:03.595+08:00  INFO 15664 --- [farm] [   File Watcher] rtingClassPathChangeChangedEventListener : Restarting due to 2 class path changes (0 additions, 2 deletions, 0 modifications)
2026-05-30T12:12:03.599+08:00  INFO 15664 --- [farm] [       Thread-5] o.s.b.w.e.tomcat.GracefulShutdown        : Commencing graceful shutdown. Waiting for active requests to complete
2026-05-30T12:12:03.614+08:00  INFO 15664 --- [farm] [tomcat-shutdown] o.s.b.w.e.tomcat.GracefulShutdown        : Graceful shutdown complete
2026-05-30T12:12:03.621+08:00  INFO 15664 --- [farm] [       Thread-5] j.LocalContainerEntityManagerFactoryBean : Closing JPA EntityManagerFactory for persistence unit 'default'
2026-05-30T12:12:03.625+08:00  INFO 15664 --- [farm] [       Thread-5] com.alibaba.druid.pool.DruidDataSource   : {dataSource-1} closing ...
2026-05-30T12:12:03.629+08:00  INFO 15664 --- [farm] [       Thread-5] com.alibaba.druid.pool.DruidDataSource   : {dataSource-1} closed

  .   ____          _            __ _ _
 /\\ / ___'_ __ _ _(_)_ __  __ _ \ \ \ \
( ( )\___ | '_ | '_| | '_ \/ _` | \ \ \ \
 \\/  ___)| |_)| | | | | || (_| |  ) ) ) )
  '  |____| .__|_| |_|_| |_\__, | / / / /
 =========|_|==============|___/=/_/_/_/

 :: Spring Boot ::                (v3.4.2)

2026-05-30T12:12:03.762+08:00  INFO 15664 --- [farm] [  restartedMain] cn.jxufe.farm.FarmApplication            : Starting FarmApplication using Java 21.0.9 with PID 15664 (C:\Project\farm\target\classes started by TimeLeafing in C:\Project\farm)
2026-05-30T12:12:03.762+08:00  INFO 15664 --- [farm] [  restartedMain] cn.jxufe.farm.FarmApplication            : No active profile set, falling back to 1 default profile: "default"
2026-05-30T12:12:04.214+08:00  INFO 15664 --- [farm] [  restartedMain] .s.d.r.c.RepositoryConfigurationDelegate : Bootstrapping Spring Data JPA repositories in DEFAULT mode.
2026-05-30T12:12:04.269+08:00  INFO 15664 --- [farm] [  restartedMain] .s.d.r.c.RepositoryConfigurationDelegate : Finished Spring Data repository scanning in 54 ms. Found 17 JPA repository interfaces.
2026-05-30T12:12:04.445+08:00  INFO 15664 --- [farm] [  restartedMain] o.s.b.w.embedded.tomcat.TomcatWebServer  : Tomcat initialized with port 8080 (http)
2026-05-30T12:12:04.446+08:00  INFO 15664 --- [farm] [  restartedMain] o.apache.catalina.core.StandardService   : Starting service [Tomcat]
2026-05-30T12:12:04.446+08:00  INFO 15664 --- [farm] [  restartedMain] o.apache.catalina.core.StandardEngine    : Starting Servlet engine: [Apache Tomcat/10.1.34]
2026-05-30T12:12:04.466+08:00  INFO 15664 --- [farm] [  restartedMain] o.a.c.c.C.[Tomcat].[localhost].[/]       : Initializing Spring embedded WebApplicationContext
2026-05-30T12:12:04.466+08:00  INFO 15664 --- [farm] [  restartedMain] w.s.c.ServletWebServerApplicationContext : Root WebApplicationContext: initialization completed in 702 ms
2026-05-30T12:12:04.593+08:00  INFO 15664 --- [farm] [  restartedMain] com.alibaba.druid.pool.DruidDataSource   : {dataSource-2} inited
2026-05-30T12:12:05.885+08:00  INFO 15664 --- [farm] [  restartedMain] o.hibernate.jpa.internal.util.LogHelper  : HHH000204: Processing PersistenceUnitInfo [name: default]
2026-05-30T12:12:05.887+08:00  INFO 15664 --- [farm] [  restartedMain] o.h.c.internal.RegionFactoryInitiator    : HHH000026: Second-level cache disabled
2026-05-30T12:12:05.891+08:00  INFO 15664 --- [farm] [  restartedMain] o.s.o.j.p.SpringPersistenceUnitInfo      : No LoadTimeWeaver setup: ignoring JPA class transformer
2026-05-30T12:12:06.350+08:00  INFO 15664 --- [farm] [  restartedMain] o.h.e.t.j.p.i.JtaPlatformInitiator       : HHH000489: No JTA platform available (set 'hibernate.transaction.jta.platform' to enable JTA platform integration)
2026-05-30T12:12:06.350+08:00  INFO 15664 --- [farm] [  restartedMain] j.LocalContainerEntityManagerFactoryBean : Initialized JPA EntityManagerFactory for persistence unit 'default'
2026-05-30T12:12:07.053+08:00  WARN 15664 --- [farm] [  restartedMain] ion$DefaultTemplateResolverConfiguration : Cannot find template location: classpath:/templates/ (please add some templates, check your Thymeleaf configuration, or set spring.thymeleaf.check-template-location=false)
2026-05-30T12:12:07.275+08:00  INFO 15664 --- [farm] [  restartedMain] o.s.b.d.a.OptionalLiveReloadServer       : LiveReload server is running on port 35729
2026-05-30T12:12:07.283+08:00  INFO 15664 --- [farm] [  restartedMain] o.s.b.a.e.web.EndpointLinksResolver      : Exposing 1 endpoint beneath base path '/actuator'
2026-05-30T12:12:07.324+08:00  INFO 15664 --- [farm] [  restartedMain] o.s.b.w.embedded.tomcat.TomcatWebServer  : Tomcat started on port 8080 (http) with context path '/'
2026-05-30T12:12:07.330+08:00  INFO 15664 --- [farm] [  restartedMain] cn.jxufe.farm.FarmApplication            : Started FarmApplication in 3.619 seconds (process running for 212.643)
2026-05-30T12:12:07.333+08:00  INFO 15664 --- [farm] [  restartedMain] .ConditionEvaluationDeltaLoggingListener : Condition evaluation unchanged
2026-05-30T12:12:09.048+08:00  INFO 15664 --- [farm] [nio-8080-exec-1] o.a.c.c.C.[Tomcat].[localhost].[/]       : Initializing Spring DispatcherServlet 'dispatcherServlet'
2026-05-30T12:12:09.048+08:00  INFO 15664 --- [farm] [nio-8080-exec-1] o.s.web.servlet.DispatcherServlet        : Initializing Servlet 'dispatcherServlet'
2026-05-30T12:12:09.049+08:00  INFO 15664 --- [farm] [nio-8080-exec-1] o.s.web.servlet.DispatcherServlet        : Completed initialization in 1 ms
2026-05-30T12:12:09.108+08:00  INFO 15664 --- [farm] [   File Watcher] rtingClassPathChangeChangedEventListener : Restarting due to 2 class path changes (2 additions, 0 deletions, 0 modifications)
2026-05-30T12:12:09.109+08:00  INFO 15664 --- [farm] [       Thread-8] o.s.b.w.e.tomcat.GracefulShutdown        : Commencing graceful shutdown. Waiting for active requests to complete
2026-05-30T12:12:09.120+08:00  INFO 15664 --- [farm] [tomcat-shutdown] o.s.b.w.e.tomcat.GracefulShutdown        : Graceful shutdown complete
2026-05-30T12:12:09.123+08:00  WARN 15664 --- [farm] [nio-8080-exec-1] o.h.engine.jdbc.spi.SqlExceptionHelper   : SQL Error: 0, SQLState: null
2026-05-30T12:12:09.123+08:00 ERROR 15664 --- [farm] [nio-8080-exec-1] o.h.engine.jdbc.spi.SqlExceptionHelper   : interrupt
2026-05-30T12:12:09.135+08:00  INFO 15664 --- [farm] [       Thread-8] j.LocalContainerEntityManagerFactoryBean : Closing JPA EntityManagerFactory for persistence unit 'default'
2026-05-30T12:12:09.136+08:00  INFO 15664 --- [farm] [       Thread-8] com.alibaba.druid.pool.DruidDataSource   : {dataSource-2} closing ...
2026-05-30T12:12:09.137+08:00  INFO 15664 --- [farm] [       Thread-8] com.alibaba.druid.pool.DruidDataSource   : {dataSource-2} closed

  .   ____          _            __ _ _
 /\\ / ___'_ __ _ _(_)_ __  __ _ \ \ \ \
( ( )\___ | '_ | '_| | '_ \/ _` | \ \ \ \
 \\/  ___)| |_)| | | | | || (_| |  ) ) ) )
  '  |____| .__|_| |_|_| |_\__, | / / / /
 =========|_|==============|___/=/_/_/_/

 :: Spring Boot ::                (v3.4.2)

2026-05-30T12:12:09.243+08:00  INFO 15664 --- [farm] [  restartedMain] cn.jxufe.farm.FarmApplication            : Starting FarmApplication using Java 21.0.9 with PID 15664 (C:\Project\farm\target\classes started by TimeLeafing in C:\Project\farm)
2026-05-30T12:12:09.243+08:00  INFO 15664 --- [farm] [  restartedMain] cn.jxufe.farm.FarmApplication            : No active profile set, falling back to 1 default profile: "default"
2026-05-30T12:12:09.580+08:00  INFO 15664 --- [farm] [  restartedMain] .s.d.r.c.RepositoryConfigurationDelegate : Bootstrapping Spring Data JPA repositories in DEFAULT mode.
2026-05-30T12:12:09.629+08:00  INFO 15664 --- [farm] [  restartedMain] .s.d.r.c.RepositoryConfigurationDelegate : Finished Spring Data repository scanning in 47 ms. Found 17 JPA repository interfaces.
2026-05-30T12:12:09.761+08:00  INFO 15664 --- [farm] [  restartedMain] o.s.b.w.embedded.tomcat.TomcatWebServer  : Tomcat initialized with port 8080 (http)
2026-05-30T12:12:09.762+08:00  INFO 15664 --- [farm] [  restartedMain] o.apache.catalina.core.StandardService   : Starting service [Tomcat]
2026-05-30T12:12:09.762+08:00  INFO 15664 --- [farm] [  restartedMain] o.apache.catalina.core.StandardEngine    : Starting Servlet engine: [Apache Tomcat/10.1.34]
2026-05-30T12:12:09.780+08:00  INFO 15664 --- [farm] [  restartedMain] o.a.c.c.C.[Tomcat].[localhost].[/]       : Initializing Spring embedded WebApplicationContext
2026-05-30T12:12:09.780+08:00  INFO 15664 --- [farm] [  restartedMain] w.s.c.ServletWebServerApplicationContext : Root WebApplicationContext: initialization completed in 535 ms
2026-05-30T12:12:09.908+08:00  INFO 15664 --- [farm] [  restartedMain] com.alibaba.druid.pool.DruidDataSource   : {dataSource-3} inited
2026-05-30T12:12:11.557+08:00  INFO 15664 --- [farm] [  restartedMain] o.hibernate.jpa.internal.util.LogHelper  : HHH000204: Processing PersistenceUnitInfo [name: default]
2026-05-30T12:12:11.559+08:00  INFO 15664 --- [farm] [  restartedMain] o.h.c.internal.RegionFactoryInitiator    : HHH000026: Second-level cache disabled
2026-05-30T12:12:11.563+08:00  INFO 15664 --- [farm] [  restartedMain] o.s.o.j.p.SpringPersistenceUnitInfo      : No LoadTimeWeaver setup: ignoring JPA class transformer
2026-05-30T12:12:11.944+08:00  INFO 15664 --- [farm] [  restartedMain] o.h.e.t.j.p.i.JtaPlatformInitiator       : HHH000489: No JTA platform available (set 'hibernate.transaction.jta.platform' to enable JTA platform integration)
2026-05-30T12:12:11.944+08:00  INFO 15664 --- [farm] [  restartedMain] j.LocalContainerEntityManagerFactoryBean : Initialized JPA EntityManagerFactory for persistence unit 'default'
2026-05-30T12:12:12.618+08:00  WARN 15664 --- [farm] [  restartedMain] ion$DefaultTemplateResolverConfiguration : Cannot find template location: classpath:/templates/ (please add some templates, check your Thymeleaf configuration, or set spring.thymeleaf.check-template-location=false)
2026-05-30T12:12:12.869+08:00  INFO 15664 --- [farm] [  restartedMain] o.s.b.d.a.OptionalLiveReloadServer       : LiveReload server is running on port 35729
2026-05-30T12:12:12.875+08:00  INFO 15664 --- [farm] [  restartedMain] o.s.b.a.e.web.EndpointLinksResolver      : Exposing 1 endpoint beneath base path '/actuator'
2026-05-30T12:12:12.904+08:00  WARN 15664 --- [farm] [  restartedMain] ConfigServletWebServerApplicationContext : Exception encountered during context initialization - cancelling refresh attempt: org.springframework.context.ApplicationContextException: Failed to start bean 'webServerStartStop'
2026-05-30T12:12:12.907+08:00  INFO 15664 --- [farm] [  restartedMain] j.LocalContainerEntityManagerFactoryBean : Closing JPA EntityManagerFactory for persistence unit 'default'
2026-05-30T12:12:12.907+08:00  INFO 15664 --- [farm] [  restartedMain] com.alibaba.druid.pool.DruidDataSource   : {dataSource-3} closing ...
2026-05-30T12:12:12.908+08:00  INFO 15664 --- [farm] [  restartedMain] com.alibaba.druid.pool.DruidDataSource   : {dataSource-3} closed
2026-05-30T12:12:12.916+08:00  INFO 15664 --- [farm] [  restartedMain] .s.b.a.l.ConditionEvaluationReportLogger : 

Error starting ApplicationContext. To display the condition evaluation report re-run your application with 'debug' enabled.
2026-05-30T12:12:12.931+08:00 ERROR 15664 --- [farm] [  restartedMain] o.s.b.d.LoggingFailureAnalysisReporter   : 

***************************
APPLICATION FAILED TO START
***************************

Description:

Web server failed to start. Port 8080 was already in use.

Action:

Identify and stop the process that's listening on port 8080 or configure this application to listen on another port.


  .   ____          _            __ _ _
 /\\ / ___'_ __ _ _(_)_ __  __ _ \ \ \ \
( ( )\___ | '_ | '_| | '_ \/ _` | \ \ \ \
 \\/  ___)| |_)| | | | | || (_| |  ) ) ) )
  '  |____| .__|_| |_|_| |_\__, | / / / /
 =========|_|==============|___/=/_/_/_/

 :: Spring Boot ::                (v3.4.2)

2026-05-30T12:25:37.845+08:00  INFO 15664 --- [farm] [  restartedMain] cn.jxufe.farm.FarmApplication            : Starting FarmApplication using Java 21.0.9 with PID 15664 (C:\Project\farm\target\classes started by TimeLeafing in C:\Project\farm)
2026-05-30T12:25:37.845+08:00  INFO 15664 --- [farm] [  restartedMain] cn.jxufe.farm.FarmApplication            : No active profile set, falling back to 1 default profile: "default"
2026-05-30T12:25:38.210+08:00  INFO 15664 --- [farm] [  restartedMain] .s.d.r.c.RepositoryConfigurationDelegate : Bootstrapping Spring Data JPA repositories in DEFAULT mode.
2026-05-30T12:25:38.251+08:00  INFO 15664 --- [farm] [  restartedMain] .s.d.r.c.RepositoryConfigurationDelegate : Finished Spring Data repository scanning in 41 ms. Found 17 JPA repository interfaces.
2026-05-30T12:25:38.428+08:00  INFO 15664 --- [farm] [  restartedMain] o.s.b.w.embedded.tomcat.TomcatWebServer  : Tomcat initialized with port 8080 (http)
2026-05-30T12:25:38.431+08:00  INFO 15664 --- [farm] [  restartedMain] o.apache.catalina.core.StandardService   : Starting service [Tomcat]
2026-05-30T12:25:38.431+08:00  INFO 15664 --- [farm] [  restartedMain] o.apache.catalina.core.StandardEngine    : Starting Servlet engine: [Apache Tomcat/10.1.34]
2026-05-30T12:25:38.450+08:00  INFO 15664 --- [farm] [  restartedMain] o.a.c.c.C.[Tomcat-1].[localhost].[/]     : Initializing Spring embedded WebApplicationContext
2026-05-30T12:25:38.450+08:00  INFO 15664 --- [farm] [  restartedMain] w.s.c.ServletWebServerApplicationContext : Root WebApplicationContext: initialization completed in 603 ms
2026-05-30T12:25:38.605+08:00  INFO 15664 --- [farm] [  restartedMain] com.alibaba.druid.pool.DruidDataSource   : {dataSource-4} inited
2026-05-30T12:25:39.826+08:00  INFO 15664 --- [farm] [  restartedMain] o.hibernate.jpa.internal.util.LogHelper  : HHH000204: Processing PersistenceUnitInfo [name: default]
2026-05-30T12:25:39.829+08:00  INFO 15664 --- [farm] [  restartedMain] o.h.c.internal.RegionFactoryInitiator    : HHH000026: Second-level cache disabled
2026-05-30T12:25:39.835+08:00  INFO 15664 --- [farm] [  restartedMain] o.s.o.j.p.SpringPersistenceUnitInfo      : No LoadTimeWeaver setup: ignoring JPA class transformer
2026-05-30T12:25:40.255+08:00  INFO 15664 --- [farm] [  restartedMain] o.h.e.t.j.p.i.JtaPlatformInitiator       : HHH000489: No JTA platform available (set 'hibernate.transaction.jta.platform' to enable JTA platform integration)
2026-05-30T12:25:40.256+08:00  INFO 15664 --- [farm] [  restartedMain] j.LocalContainerEntityManagerFactoryBean : Initialized JPA EntityManagerFactory for persistence unit 'default'
2026-05-30T12:25:41.004+08:00  WARN 15664 --- [farm] [  restartedMain] ion$DefaultTemplateResolverConfiguration : Cannot find template location: classpath:/templates/ (please add some templates, check your Thymeleaf configuration, or set spring.thymeleaf.check-template-location=false)
2026-05-30T12:25:41.325+08:00  INFO 15664 --- [farm] [  restartedMain] o.s.b.d.a.OptionalLiveReloadServer       : LiveReload server is running on port 35729
2026-05-30T12:25:41.336+08:00  INFO 15664 --- [farm] [  restartedMain] o.s.b.a.e.web.EndpointLinksResolver      : Exposing 1 endpoint beneath base path '/actuator'
2026-05-30T12:25:41.369+08:00  INFO 15664 --- [farm] [  restartedMain] o.s.b.w.embedded.tomcat.TomcatWebServer  : Tomcat started on port 8080 (http) with context path '/'
2026-05-30T12:25:41.378+08:00  INFO 15664 --- [farm] [  restartedMain] cn.jxufe.farm.FarmApplication            : Started FarmApplication in 3.571 seconds (process running for 1026.69)
2026-05-30T12:25:41.380+08:00  INFO 15664 --- [farm] [  restartedMain] .ConditionEvaluationDeltaLoggingListener : Condition evaluation unchanged
2026-05-30T12:25:41.610+08:00  INFO 15664 --- [farm] [nio-8080-exec-1] o.a.c.c.C.[Tomcat-1].[localhost].[/]     : Initializing Spring DispatcherServlet 'dispatcherServlet'
2026-05-30T12:25:41.610+08:00  INFO 15664 --- [farm] [nio-8080-exec-1] o.s.web.servlet.DispatcherServlet        : Initializing Servlet 'dispatcherServlet'
2026-05-30T12:25:41.612+08:00  INFO 15664 --- [farm] [nio-8080-exec-1] o.s.web.servlet.DispatcherServlet        : Completed initialization in 2 ms
[INFO] ------------------------------------------------------------------------
[INFO] BUILD FAILURE
[INFO] ------------------------------------------------------------------------
[INFO] Total time:  01:13 h
[INFO] Finished at: 2026-05-30T13:21:49+08:00
[INFO] ------------------------------------------------------------------------
[ERROR] Failed to execute goal org.springframework.boot:spring-boot-maven-plugin:3.4.2:run (default-cli) on project practice: Process terminated with exit code: 1 -> [Help 1]
[ERROR] 
[ERROR] To see the full stack trace of the errors, re-run Maven with the -e switch.
[ERROR] Re-run Maven using the -X switch to enable full debug logging.
[ERROR] 
[ERROR] For more information about the errors and possible solutions, please read the following articles:
[ERROR] [Help 1] http://cwiki.apache.org/confluence/display/MAVEN/MojoExecutionException
